2021-03-23 17:00:00.246 [main]: INFO org.springframework.boot.StartupInfoLogger:55 logStarting -  Starting DemoApplication on LAPTOP-OC511DHP with PID 16780 (D:\my_project\Growth\spring_vue\demo\target\classes started by gekang in D:\my_project\Growth\spring_vue)
2021-03-23 17:00:00.250 [main]: INFO org.springframework.boot.SpringApplication:651 logStartupProfileInfo -  No active profile set, falling back to default profiles: default
2021-03-23 17:00:01.194 [main]: INFO org.springframework.data.repository.config.RepositoryConfigurationDelegate:249 multipleStoresDetected -  Multiple Spring Data modules found, entering strict repository configuration mode!
2021-03-23 17:00:01.201 [main]: INFO org.springframework.data.repository.config.RepositoryConfigurationDelegate:127 registerRepositoriesIn -  Bootstrapping Spring Data Redis repositories in DEFAULT mode.
2021-03-23 17:00:01.288 [main]: INFO org.springframework.data.repository.config.RepositoryConfigurationDelegate:187 registerRepositoriesIn -  Finished Spring Data repository scanning in 74ms. Found 0 Redis repository interfaces.
2021-03-23 17:00:01.848 [main]: INFO com.tbc.demo.common.LoggerAop:41 afterReturningPrintLog -  ##########   方法执行总时长:[1616490001848]毫秒
2021-03-23 17:00:01.901 [main]: INFO com.tbc.demo.common.LoggerAop:53 exAfterReturning -  ##########   执行返回值:[{}]
2021-03-23 17:00:01.955 [main]: INFO com.tbc.demo.common.LoggerAop:41 afterReturningPrintLog -  ##########   方法执行总时长:[1616490001955]毫秒
2021-03-23 17:00:01.956 [main]: INFO com.tbc.demo.common.LoggerAop:53 exAfterReturning -  ##########   执行返回值:[null]
2021-03-23 17:00:01.956 [main]: INFO com.tbc.demo.common.LoggerAop:41 afterReturningPrintLog -  ##########   方法执行总时长:[1616490001956]毫秒
2021-03-23 17:00:01.956 [main]: INFO com.tbc.demo.common.LoggerAop:53 exAfterReturning -  ##########   执行返回值:[null]
2021-03-23 17:00:02.118 [main]: INFO org.springframework.boot.web.embedded.tomcat.TomcatWebServer:108 initialize -  Tomcat initialized with port(s): 8081 (http)
2021-03-23 17:00:02.127 [main]: INFO org.apache.juli.logging.DirectJDKLog:173 log -  Initializing ProtocolHandler ["http-nio-127.0.0.1-8081"]
2021-03-23 17:00:02.127 [main]: INFO org.apache.juli.logging.DirectJDKLog:173 log -  Starting service [Tomcat]
2021-03-23 17:00:02.128 [main]: INFO org.apache.juli.logging.DirectJDKLog:173 log -  Starting Servlet engine: [Apache Tomcat/9.0.35]
2021-03-23 17:00:02.317 [main]: INFO org.apache.juli.logging.DirectJDKLog:173 log -  Initializing Spring embedded WebApplicationContext
2021-03-23 17:00:02.317 [main]: INFO org.springframework.boot.web.servlet.context.ServletWebServerApplicationContext:284 prepareWebApplicationContext -  Root WebApplicationContext: initialization completed in 2009 ms
2021-03-23 17:00:02.963 [main]: INFO org.springframework.scheduling.concurrent.ExecutorConfigurationSupport:181 initialize -  Initializing ExecutorService 'applicationTaskExecutor'
2021-03-23 17:00:03.798 [main]: INFO org.apache.juli.logging.DirectJDKLog:173 log -  Starting ProtocolHandler ["http-nio-127.0.0.1-8081"]
2021-03-23 17:00:03.827 [main]: INFO org.springframework.boot.web.embedded.tomcat.TomcatWebServer:220 start -  Tomcat started on port(s): 8081 (http) with context path ''
2021-03-23 17:00:03.838 [main]: INFO org.springframework.boot.StartupInfoLogger:61 logStarted -  Started DemoApplication in 4.281 seconds (JVM running for 6.374)
2021-03-23 19:15:08.635 [main]: INFO org.springframework.boot.StartupInfoLogger:55 logStarting -  Starting DemoApplication on LAPTOP-OC511DHP with PID 2708 (D:\my_project\Growth\spring_vue\demo\target\classes started by gekang in D:\my_project\Growth\spring_vue)
2021-03-23 19:15:08.641 [main]: INFO org.springframework.boot.SpringApplication:651 logStartupProfileInfo -  No active profile set, falling back to default profiles: default
2021-03-23 19:15:09.372 [main]: INFO org.springframework.data.repository.config.RepositoryConfigurationDelegate:249 multipleStoresDetected -  Multiple Spring Data modules found, entering strict repository configuration mode!
2021-03-23 19:15:09.374 [main]: INFO org.springframework.data.repository.config.RepositoryConfigurationDelegate:127 registerRepositoriesIn -  Bootstrapping Spring Data Redis repositories in DEFAULT mode.
2021-03-23 19:15:09.447 [main]: INFO org.springframework.data.repository.config.RepositoryConfigurationDelegate:187 registerRepositoriesIn -  Finished Spring Data repository scanning in 62ms. Found 0 Redis repository interfaces.
2021-03-23 19:15:09.942 [main]: INFO com.tbc.demo.common.LoggerAop:41 afterReturningPrintLog -  ##########   方法执行总时长:[1616498109942]毫秒
2021-03-23 19:15:09.989 [main]: INFO com.tbc.demo.common.LoggerAop:53 exAfterReturning -  ##########   执行返回值:[{}]
2021-03-23 19:15:10.036 [main]: INFO com.tbc.demo.common.LoggerAop:41 afterReturningPrintLog -  ##########   方法执行总时长:[1616498110036]毫秒
2021-03-23 19:15:10.036 [main]: INFO com.tbc.demo.common.LoggerAop:53 exAfterReturning -  ##########   执行返回值:[null]
2021-03-23 19:15:10.036 [main]: INFO com.tbc.demo.common.LoggerAop:41 afterReturningPrintLog -  ##########   方法执行总时长:[1616498110036]毫秒
2021-03-23 19:15:10.036 [main]: INFO com.tbc.demo.common.LoggerAop:53 exAfterReturning -  ##########   执行返回值:[null]
2021-03-23 19:15:10.161 [main]: INFO org.springframework.boot.web.embedded.tomcat.TomcatWebServer:108 initialize -  Tomcat initialized with port(s): 8081 (http)
2021-03-23 19:15:10.170 [main]: INFO org.apache.juli.logging.DirectJDKLog:173 log -  Initializing ProtocolHandler ["http-nio-127.0.0.1-8081"]
2021-03-23 19:15:10.170 [main]: INFO org.apache.juli.logging.DirectJDKLog:173 log -  Starting service [Tomcat]
2021-03-23 19:15:10.170 [main]: INFO org.apache.juli.logging.DirectJDKLog:173 log -  Starting Servlet engine: [Apache Tomcat/9.0.35]
2021-03-23 19:15:10.319 [main]: INFO org.apache.juli.logging.DirectJDKLog:173 log -  Initializing Spring embedded WebApplicationContext
2021-03-23 19:15:10.319 [main]: INFO org.springframework.boot.web.servlet.context.ServletWebServerApplicationContext:284 prepareWebApplicationContext -  Root WebApplicationContext: initialization completed in 1615 ms
2021-03-23 19:15:10.877 [main]: INFO org.springframework.scheduling.concurrent.ExecutorConfigurationSupport:181 initialize -  Initializing ExecutorService 'applicationTaskExecutor'
2021-03-23 19:15:11.507 [main]: INFO org.apache.juli.logging.DirectJDKLog:173 log -  Starting ProtocolHandler ["http-nio-127.0.0.1-8081"]
2021-03-23 19:15:11.529 [main]: INFO org.springframework.boot.web.embedded.tomcat.TomcatWebServer:220 start -  Tomcat started on port(s): 8081 (http) with context path ''
2021-03-23 19:15:11.536 [main]: INFO org.springframework.boot.StartupInfoLogger:61 logStarted -  Started DemoApplication in 3.407 seconds (JVM running for 5.147)
